[2019-08-10 21:04:09]--[src_cgi/login_cgi.c:288]--buf = {
    "pwd": "d47ab2150bbd3884b5d2d16347525345",
    "user": "yyb"
}

[2019-08-10 21:04:09]--[src_cgi/login_cgi.c:294]--user = yyb, pwd = d47ab2150bbd3884b5d2d16347525345
[2019-08-10 21:04:09]--[src_cgi/login_cgi.c:101]--mysql_user = root, mysql_pwd = 123456, mysql_db = cloud_disk
[2019-08-10 21:04:09]--[src_cgi/login_cgi.c:161]--redis:[ip=127.0.0.1,port=6379]
[2019-08-10 21:04:09]--[src_cgi/login_cgi.c:167]--redis connected error
[2019-08-10 21:04:09]--[src_cgi/login_cgi.c:303]--token = 
[2019-08-10 21:05:38]--[src_cgi/login_cgi.c:288]--buf = {
    "pwd": "d47ab2150bbd3884b5d2d16347525345",
    "user": "yyb"
}

[2019-08-10 21:05:38]--[src_cgi/login_cgi.c:294]--user = yyb, pwd = d47ab2150bbd3884b5d2d16347525345
[2019-08-10 21:05:38]--[src_cgi/login_cgi.c:101]--mysql_user = root, mysql_pwd = 123456, mysql_db = cloud_disk
[2019-08-10 21:05:38]--[src_cgi/login_cgi.c:161]--redis:[ip=127.0.0.1,port=6379]
[2019-08-10 21:05:38]--[src_cgi/login_cgi.c:167]--redis connected error
[2019-08-10 21:05:38]--[src_cgi/login_cgi.c:303]--token = 
[2019-08-10 21:11:30]--[src_cgi/login_cgi.c:288]--buf = {
    "pwd": "e10adc3949ba59abbe56e057f20f883e",
    "user": "kevin_666"
}

[2019-08-10 21:11:30]--[src_cgi/login_cgi.c:294]--user = kevin_666, pwd = e10adc3949ba59abbe56e057f20f883e
[2019-08-10 21:11:30]--[src_cgi/login_cgi.c:101]--mysql_user = root, mysql_pwd = 123456, mysql_db = cloud_disk
[2019-08-10 21:11:30]--[src_cgi/login_cgi.c:161]--redis:[ip=127.0.0.1,port=6379]
[2019-08-10 21:11:30]--[src_cgi/login_cgi.c:167]--redis connected error
[2019-08-10 21:11:30]--[src_cgi/login_cgi.c:303]--token = 
[2019-08-10 21:14:20]--[src_cgi/login_cgi.c:288]--buf = {
    "pwd": "7d64b4398ec5ead30c618b829bd954c8",
    "user": "kevin_666"
}

[2019-08-10 21:14:20]--[src_cgi/login_cgi.c:294]--user = kevin_666, pwd = 7d64b4398ec5ead30c618b829bd954c8
[2019-08-10 21:14:20]--[src_cgi/login_cgi.c:101]--mysql_user = root, mysql_pwd = 123456, mysql_db = cloud_disk
[2019-08-10 21:16:03]--[src_cgi/login_cgi.c:288]--buf = {
    "pwd": "7d64b4398ec5ead30c618b829bd954c8",
    "user": "kevin_666"
}

[2019-08-10 21:16:03]--[src_cgi/login_cgi.c:294]--user = kevin_666, pwd = 7d64b4398ec5ead30c618b829bd954c8
[2019-08-10 21:16:03]--[src_cgi/login_cgi.c:101]--mysql_user = root, mysql_pwd = 123456, mysql_db = cloud_disk
